{"uuid":"e12c9d3e-b084-4a7b-b85e-b10581f55b91","historyId":"582057886d95e04c98e97596118acc3d","fullName":"com.avactis.test.integration.tests.testAvactis.testProductPurchase","labels":[{"name":"package","value":"com.avactis.test.integration.tests.testAvactis"},{"name":"testClass","value":"com.avactis.test.integration.tests.testAvactis"},{"name":"testMethod","value":"testProductPurchase"},{"name":"parentSuite","value":"Avactis Shopping Integration Test"},{"name":"suite","value":"Test purchasing functionality using product menu"},{"name":"subSuite","value":"com.avactis.test.integration.tests.testAvactis"},{"name":"host","value":"Abhijit-PC"},{"name":"thread","value":"11408@Abhijit-PC.main(1)"}],"links":[],"name":"testProductPurchase","status":"failed","statusDetails":{"known":false,"muted":false,"flaky":false,"message":"Purchase product failed","trace":"java.lang.AssertionError: Purchase product failed\r\n\tat org.testng.Assert.fail(Assert.java:96)\r\n\tat com.avactis.test.integration.tests.testAvactis.testProductPurchase(testAvactis.java:76)\r\n\tat sun.reflect.NativeMethodAccessorImpl.invoke0(Native Method)\r\n\tat sun.reflect.NativeMethodAccessorImpl.invoke(NativeMethodAccessorImpl.java:62)\r\n\tat sun.reflect.DelegatingMethodAccessorImpl.invoke(DelegatingMethodAccessorImpl.java:43)\r\n\tat java.lang.reflect.Method.invoke(Method.java:483)\r\n\tat org.testng.internal.MethodInvocationHelper.invokeMethod(MethodInvocationHelper.java:124)\r\n\tat org.testng.internal.Invoker.invokeMethod(Invoker.java:583)\r\n\tat org.testng.internal.Invoker.invokeTestMethod(Invoker.java:719)\r\n\tat org.testng.internal.Invoker.invokeTestMethods(Invoker.java:989)\r\n\tat org.testng.internal.TestMethodWorker.invokeTestMethods(TestMethodWorker.java:125)\r\n\tat org.testng.internal.TestMethodWorker.run(TestMethodWorker.java:109)\r\n\tat org.testng.TestRunner.privateRun(TestRunner.java:648)\r\n\tat org.testng.TestRunner.run(TestRunner.java:505)\r\n\tat org.testng.SuiteRunner.runTest(SuiteRunner.java:455)\r\n\tat org.testng.SuiteRunner.runSequentially(SuiteRunner.java:450)\r\n\tat org.testng.SuiteRunner.privateRun(SuiteRunner.java:415)\r\n\tat org.testng.SuiteRunner.run(SuiteRunner.java:364)\r\n\tat org.testng.SuiteRunnerWorker.runSuite(SuiteRunnerWorker.java:52)\r\n\tat org.testng.SuiteRunnerWorker.run(SuiteRunnerWorker.java:84)\r\n\tat org.testng.TestNG.runSuitesSequentially(TestNG.java:1208)\r\n\tat org.testng.TestNG.runSuitesLocally(TestNG.java:1137)\r\n\tat org.testng.TestNG.runSuites(TestNG.java:1049)\r\n\tat org.testng.TestNG.run(TestNG.java:1017)\r\n\tat org.apache.maven.surefire.testng.TestNGExecutor.run(TestNGExecutor.java:281)\r\n\tat org.apache.maven.surefire.testng.TestNGXmlTestSuite.execute(TestNGXmlTestSuite.java:75)\r\n\tat org.apache.maven.surefire.testng.TestNGProvider.invoke(TestNGProvider.java:121)\r\n\tat org.apache.maven.surefire.booter.ForkedBooter.invokeProviderInSameClassLoader(ForkedBooter.java:290)\r\n\tat org.apache.maven.surefire.booter.ForkedBooter.runSuitesInProcess(ForkedBooter.java:242)\r\n\tat org.apache.maven.surefire.booter.ForkedBooter.main(ForkedBooter.java:121)\r\n"},"stage":"finished","start":1535265832835,"stop":1535265853167,"steps":[{"name":"Navigate to Menu Item > SubMenu Item","status":"passed","stage":"finished","start":1535265836578,"stop":1535265839685,"parameters":[{"name":"mainMenuID","value":"cid24"},{"name":"subMenuID","value":"cid25"}]},{"name":"Placing order once all items are added to cart","status":"broken","statusDetails":{"known":false,"muted":false,"flaky":false,"message":"Order placing got failed due to comparison result didnt matched","trace":"java.lang.RuntimeException: Order placing got failed due to comparison result didnt matched\r\n\tat com.avactis.test.integration.storepageobjects.CheckOutPage.placeOrderAndRetrieveOrderId(CheckOutPage.java:169)\r\n\tat com.avactis.test.integration.storepageobjects.ProductPage.placeOrder(ProductPage.java:69)\r\n\tat com.avactis.test.integration.tests.testAvactis.testProductPurchase(testAvactis.java:71)\r\n\tat sun.reflect.NativeMethodAccessorImpl.invoke0(Native Method)\r\n\tat sun.reflect.NativeMethodAccessorImpl.invoke(NativeMethodAccessorImpl.java:62)\r\n\tat sun.reflect.DelegatingMethodAccessorImpl.invoke(DelegatingMethodAccessorImpl.java:43)\r\n\tat java.lang.reflect.Method.invoke(Method.java:483)\r\n\tat org.testng.internal.MethodInvocationHelper.invokeMethod(MethodInvocationHelper.java:124)\r\n\tat org.testng.internal.Invoker.invokeMethod(Invoker.java:583)\r\n\tat org.testng.internal.Invoker.invokeTestMethod(Invoker.java:719)\r\n\tat org.testng.internal.Invoker.invokeTestMethods(Invoker.java:989)\r\n\tat org.testng.internal.TestMethodWorker.invokeTestMethods(TestMethodWorker.java:125)\r\n\tat org.testng.internal.TestMethodWorker.run(TestMethodWorker.java:109)\r\n\tat org.testng.TestRunner.privateRun(TestRunner.java:648)\r\n\tat org.testng.TestRunner.run(TestRunner.java:505)\r\n\tat org.testng.SuiteRunner.runTest(SuiteRunner.java:455)\r\n\tat org.testng.SuiteRunner.runSequentially(SuiteRunner.java:450)\r\n\tat org.testng.SuiteRunner.privateRun(SuiteRunner.java:415)\r\n\tat org.testng.SuiteRunner.run(SuiteRunner.java:364)\r\n\tat org.testng.SuiteRunnerWorker.runSuite(SuiteRunnerWorker.java:52)\r\n\tat org.testng.SuiteRunnerWorker.run(SuiteRunnerWorker.java:84)\r\n\tat org.testng.TestNG.runSuitesSequentially(TestNG.java:1208)\r\n\tat org.testng.TestNG.runSuitesLocally(TestNG.java:1137)\r\n\tat org.testng.TestNG.runSuites(TestNG.java:1049)\r\n\tat org.testng.TestNG.run(TestNG.java:1017)\r\n\tat org.apache.maven.surefire.testng.TestNGExecutor.run(TestNGExecutor.java:281)\r\n\tat org.apache.maven.surefire.testng.TestNGXmlTestSuite.execute(TestNGXmlTestSuite.java:75)\r\n\tat org.apache.maven.surefire.testng.TestNGProvider.invoke(TestNGProvider.java:121)\r\n\tat org.apache.maven.surefire.booter.ForkedBooter.invokeProviderInSameClassLoader(ForkedBooter.java:290)\r\n\tat org.apache.maven.surefire.booter.ForkedBooter.runSuitesInProcess(ForkedBooter.java:242)\r\n\tat org.apache.maven.surefire.booter.ForkedBooter.main(ForkedBooter.java:121)\r\n"},"stage":"finished","start":1535265839685,"stop":1535265852856,"steps":[{"name":"Adding to cart","status":"passed","stage":"finished","start":1535265839685,"stop":1535265839838,"parameters":[{"name":"productID","value":"108"}]},{"name":"Entering all required fields in BillingAndShippingAddress","status":"passed","stage":"finished","start":1535265847981,"stop":1535265848175},{"name":"Entering all required fields in BillingAndShippingMethod","status":"passed","stage":"finished","start":1535265848176,"stop":1535265851042,"parameters":[{"name":"paymentMethod","value":"CashOnDelivery"},{"name":"shipmentMethod","value":"Delivery on Next Business Day"}]},{"name":"Verifying items prior placing order and placing the Order","status":"broken","statusDetails":{"known":false,"muted":false,"flaky":false,"message":"Order placing got failed due to comparison result didnt matched","trace":"java.lang.RuntimeException: Order placing got failed due to comparison result didnt matched\r\n\tat com.avactis.test.integration.storepageobjects.CheckOutPage.placeOrderAndRetrieveOrderId(CheckOutPage.java:169)\r\n\tat com.avactis.test.integration.storepageobjects.ProductPage.placeOrder(ProductPage.java:69)\r\n\tat com.avactis.test.integration.tests.testAvactis.testProductPurchase(testAvactis.java:71)\r\n\tat sun.reflect.NativeMethodAccessorImpl.invoke0(Native Method)\r\n\tat sun.reflect.NativeMethodAccessorImpl.invoke(NativeMethodAccessorImpl.java:62)\r\n\tat sun.reflect.DelegatingMethodAccessorImpl.invoke(DelegatingMethodAccessorImpl.java:43)\r\n\tat java.lang.reflect.Method.invoke(Method.java:483)\r\n\tat org.testng.internal.MethodInvocationHelper.invokeMethod(MethodInvocationHelper.java:124)\r\n\tat org.testng.internal.Invoker.invokeMethod(Invoker.java:583)\r\n\tat org.testng.internal.Invoker.invokeTestMethod(Invoker.java:719)\r\n\tat org.testng.internal.Invoker.invokeTestMethods(Invoker.java:989)\r\n\tat org.testng.internal.TestMethodWorker.invokeTestMethods(TestMethodWorker.java:125)\r\n\tat org.testng.internal.TestMethodWorker.run(TestMethodWorker.java:109)\r\n\tat org.testng.TestRunner.privateRun(TestRunner.java:648)\r\n\tat org.testng.TestRunner.run(TestRunner.java:505)\r\n\tat org.testng.SuiteRunner.runTest(SuiteRunner.java:455)\r\n\tat org.testng.SuiteRunner.runSequentially(SuiteRunner.java:450)\r\n\tat org.testng.SuiteRunner.privateRun(SuiteRunner.java:415)\r\n\tat org.testng.SuiteRunner.run(SuiteRunner.java:364)\r\n\tat org.testng.SuiteRunnerWorker.runSuite(SuiteRunnerWorker.java:52)\r\n\tat org.testng.SuiteRunnerWorker.run(SuiteRunnerWorker.java:84)\r\n\tat org.testng.TestNG.runSuitesSequentially(TestNG.java:1208)\r\n\tat org.testng.TestNG.runSuitesLocally(TestNG.java:1137)\r\n\tat org.testng.TestNG.runSuites(TestNG.java:1049)\r\n\tat org.testng.TestNG.run(TestNG.java:1017)\r\n\tat org.apache.maven.surefire.testng.TestNGExecutor.run(TestNGExecutor.java:281)\r\n\tat org.apache.maven.surefire.testng.TestNGXmlTestSuite.execute(TestNGXmlTestSuite.java:75)\r\n\tat org.apache.maven.surefire.testng.TestNGProvider.invoke(TestNGProvider.java:121)\r\n\tat org.apache.maven.surefire.booter.ForkedBooter.invokeProviderInSameClassLoader(ForkedBooter.java:290)\r\n\tat org.apache.maven.surefire.booter.ForkedBooter.runSuitesInProcess(ForkedBooter.java:242)\r\n\tat org.apache.maven.surefire.booter.ForkedBooter.main(ForkedBooter.java:121)\r\n"},"stage":"finished","start":1535265851042,"stop":1535265852856,"parameters":[{"name":"expCartItemDetails","value":"[[Up, 1, $23.99, $23.99], [Forbidden Planet, 1, $48.59, $48.59]]"}]}],"parameters":[{"name":"productList","value":"com.avactis.test.integration.storepageobjects.ProductPage@5bcfdaf3"},{"name":"productID","value":"108"},{"name":"paymentMethod","value":"CashOnDelivery"},{"name":"shipmentMethod","value":"Delivery on Next Business Day"},{"name":"moreFlag","value":"N"}]}],"parameters":[{"name":"arg0","value":"-pg1-"},{"name":"arg1","value":"cid24"},{"name":"arg2","value":"DVD"},{"name":"arg3","value":"cid25"},{"name":"arg4","value":"Classic Films"},{"name":"arg5","value":"108"},{"name":"arg6","value":"CashOnDelivery"},{"name":"arg7","value":"Delivery on Next Business Day"},{"name":"arg8","value":"N"}]}